0
0
2
-1
-1

-2
4
-1
-1

0
1
1
J3
1
-1
-1
-1

0
2
0
J1
-1
-1

-1
-1
-1
-1


-1
-1
*2*4*6
15
15
-3
-2
-3
-1
-2
-2

-1
-2

-1
-2

-1
-2

-1
-2

-1
-2

-1
-2

-1
-2

-1
-2

-1
-2

-1
-2

-1
-2

-1
-2

-1
-2

-1
-2

-1
15
-3
-3
*2*4*6
15
-3
*2*4*6
15
-3
*2*4*6
15
-3
*2*4*6
15
-3
*2*4*6
15
-3
*2*4*6
15
-3
*2*4*6
15
-3
*2*4*6
15
-3
*2*4*6
15
-3
*2*4*6
15
-3
*2*4*6
15
-3
*2*4*6
15
-3
*2*4*6
15
-3
*2*4*6
15
-3
*2*4*6
15
-1
-2
-2

-1
-2

-1
-2

-1
-2

-1
-2

-1
-2

-1
-2

-1
-2

-1
-2

-1
-2

-1
-2

-1
-2

-1
-2

-1
-2

-1
15
-3
-3
*2*4*6
15
-3
*2*4*6
15
-3
*2*4*6
15
-3
*2*4*6
15
-3
*2*4*6
15
-3
*2*4*6
15
-3
*2*4*6
15
-3
*2*4*6
15
-3
*2*4*6
15
-3
*2*4*6
15
-3
*2*4*6
15
-3
*2*4*6
15
-1
-2
-2

-1
-2

-1
-2

-1
-2

-1
-2

-1
-2

-1
-2

-1
-2

-1
-2

-1
-2

-1
15
-3
-3
*2*4*6
15
-3
*2*4*6
15
-3
*2*4*6
15
-3
*2*4*6
15
-3
*2*4*6
15
-3
*2*4*6
15
-3
*2*4*6
15
-3
*2*4*6
15
-3
*2*4*6
15
-3
*2*4*6
15
-3
*2*4*6
15
-3
*2*4*6
15
-1
-2
-2

-1
-2

-1
-2

-1
-2

-1
-2

-1
-2

-1
-2

-1
-2

-1
-2

-1
-2

-1
15
-3
-3
*2*4*6
15
-3
*2*4*6
15
-3
*2*4*6
15
-3
*2*4*6
15
-3
*2*4*6
15
-3
*2*4*6
15
-3
*2*4*6
15
-3
*2*4*6
15
-3
*2*4*6
15
-3
*2*4*6
15
-1
-2
-2

-1
-2

-1
-2

-1
-2

-1
-2

-1
-2

-1
15
-3
-3
*2*4*6
15
-3
*2*4*6
15
-3
*2*4*6
15
-3
*2*4*6
15
-3
*2*4*6
15
-3
*2*4*6
15
-3
*2*4*6
15
-3
*2*4*6
15
-1
-2
-2

-1
-2

-1
-2

-1
-2

-1
15
-3
-3
*2*4*6
15
-3
*2*4*6
15
-3
*2*4*6
15
-3
*2*4*6
15
-1
-2
-2

-1
-2

-1
15
-3
-3
*2*4*6
15
-3
*2*4*6
15
-3
*2*4*6
15
-3
*2*4*6
15
-1
-2
-2

-1
-2

-1
15
-3
-3
*2*4*6
15
-3
*2*4*6
15
-3
*2*4*6
15
-3
*2*4*6
15
-1
-2
-2

-1
-2

-1
-2

-1
-2

-1
15
-3
-3
*2*4*6
15
-3
*2*4*6
15
-1
-2
-2

-1
-2

-1
-2

-1
-2

-1
15
-3
-3
*2*4*6
15
-3
*2*4*6
15
-1
-2
-2

-1
-2

-1
-1
-1
-1
